<?xml version="1.0" encoding="UTF-8"?>
<testsuite name="com.thoughtworks.bootcamp.RoverTest" tests="1" skipped="0" failures="0" errors="0" timestamp="2019-10-06T08:04:05" hostname="Snehas-MacBook-Pro-2.local" time="0.001">
  <properties/>
  <testcase name="givenInstruction_WhenTurnLeft_ThenShouldTurnLeft()" classname="com.thoughtworks.bootcamp.RoverTest" time="0.001"/>
  <system-out><![CDATA[]]></system-out>
  <system-err><![CDATA[]]></system-err>
</testsuite>
