<?xml version="1.0" encoding="UTF-8"?>
<testsuite name="com.thoughtworks.bootcamp.RoverTest$Right" tests="5" skipped="0" failures="0" errors="0" timestamp="2019-10-11T06:15:20" hostname="Snehas-MacBook-Pro-2.local" time="0.003">
  <properties/>
  <testcase name="givenFacingWest_WhenTurnRightThreeTimes_ThenShouldFaceSouth()" classname="com.thoughtworks.bootcamp.RoverTest$Right" time="0.0"/>
  <testcase name="givenFacingEast_WhenTurnRight_ThenShouldFaceSouth()" classname="com.thoughtworks.bootcamp.RoverTest$Right" time="0.0"/>
  <testcase name="givenFacingNorth_WhenTurnRight_ThenShouldFaceEast()" classname="com.thoughtworks.bootcamp.RoverTest$Right" time="0.001"/>
  <testcase name="givenFacingWest_WhenTurnRight_ThenShouldFaceNorth()" classname="com.thoughtworks.bootcamp.RoverTest$Right" time="0.0"/>
  <testcase name="givenFacingSouth_WhenTurnRight_ThenShouldFaceWest()" classname="com.thoughtworks.bootcamp.RoverTest$Right" time="0.0"/>
  <system-out><![CDATA[]]></system-out>
  <system-err><![CDATA[]]></system-err>
</testsuite>
