<?xml version="1.0" encoding="UTF-8"?>
<testsuite name="com.thoughtworks.bootcamp.CoordinateTest" tests="4" skipped="0" failures="0" errors="0" timestamp="2019-10-11T06:42:58" hostname="Snehas-MacBook-Pro-2.local" time="0.002">
  <properties/>
  <testcase name="givenCoordinateMinusSevenAndMinusNine_WhenInBetweenThenBoundary_ThenShouldReturnFalse()" classname="com.thoughtworks.bootcamp.CoordinateTest" time="0.0"/>
  <testcase name="givenCoordinateSevenAndMinusThree_WhenInBetweenThenBoundary_ThenShouldReturnTrue()" classname="com.thoughtworks.bootcamp.CoordinateTest" time="0.0"/>
  <testcase name="givenCoordinateSevenAndThree_WhenInBetweenThenBoundary_ThenShouldReturnTrue()" classname="com.thoughtworks.bootcamp.CoordinateTest" time="0.0"/>
  <testcase name="givenCoordinateTwoAndThree_WhenInBetweenThenBoundary_ThenShouldReturnTrue()" classname="com.thoughtworks.bootcamp.CoordinateTest" time="0.0"/>
  <system-out><![CDATA[]]></system-out>
  <system-err><![CDATA[]]></system-err>
</testsuite>
